This is pdfTeX, Version 3.141592653-2.6-1.40.22 (TeX Live 2021) (preloaded format=pdflatex 2021.6.22)  25 JUN 2021 16:28
entering extended mode
 restricted \write18 enabled.
 %&-line parsing enabled.
**isu-template.tex
(./isu-template.tex
LaTeX2e <2021-06-01> patch level 1
L3 programming layer <2021-06-18> (./isuthesis.cls
Document Class: isuthesis 2011/02/14 v1.03 (Joe Struss)
Document Class: isuthesis 2011/02/14
(/Users/katherinegoode/Library/TinyTeX/texmf-dist/tex/latex/base/report.cls
Document Class: report 2021/02/12 v1.4n Standard LaTeX document class
(/Users/katherinegoode/Library/TinyTeX/texmf-dist/tex/latex/base/size11.clo
File: size11.clo 2021/02/12 v1.4n Standard LaTeX file (size option)
)
\c@part=\count182
\c@chapter=\count183
\c@section=\count184
\c@subsection=\count185
\c@subsubsection=\count186
\c@paragraph=\count187
\c@subparagraph=\count188
\c@figure=\count189
\c@table=\count190
\abovecaptionskip=\skip47
\belowcaptionskip=\skip48
\bibindent=\dimen138
)
(/Users/katherinegoode/Library/TinyTeX/texmf-dist/tex/latex/geometry/geometry.s
ty
Package: geometry 2020/01/02 v5.9 Page Geometry

(/Users/katherinegoode/Library/TinyTeX/texmf-dist/tex/latex/graphics/keyval.sty
Package: keyval 2014/10/28 v1.15 key=value parser (DPC)
\KV@toks@=\toks16
) (/Users/katherinegoode/Library/TinyTeX/texmf-dist/tex/generic/iftex/ifvtex.st
y
Package: ifvtex 2019/10/25 v1.7 ifvtex legacy package. Use iftex instead.
(/Users/katherinegoode/Library/TinyTeX/texmf-dist/tex/generic/iftex/iftex.sty
Package: iftex 2020/03/06 v1.0d TeX engine tests
))
\Gm@cnth=\count191
\Gm@cntv=\count192
\c@Gm@tempcnt=\count193
\Gm@bindingoffset=\dimen139
\Gm@wd@mp=\dimen140
\Gm@odd@mp=\dimen141
\Gm@even@mp=\dimen142
\Gm@layoutwidth=\dimen143
\Gm@layoutheight=\dimen144
\Gm@layouthoffset=\dimen145
\Gm@layoutvoffset=\dimen146
\Gm@dimlist=\toks17
)
\captionwidth=\dimen147
\@deptnum=\count194
\@majornum=\count195
\@numcomm=\count196
\@signwidth=\dimen148
\signdeptnum=\count197
\signmajornum=\count198
\@linecount=\count199
)
(/Users/katherinegoode/Library/TinyTeX/texmf-dist/tex/latex/graphics/graphicx.s
ty
Package: graphicx 2020/12/05 v1.2c Enhanced LaTeX Graphics (DPC,SPQR)

(/Users/katherinegoode/Library/TinyTeX/texmf-dist/tex/latex/graphics/graphics.s
ty
Package: graphics 2021/03/04 v1.4d Standard LaTeX Graphics (DPC,SPQR)
(/Users/katherinegoode/Library/TinyTeX/texmf-dist/tex/latex/graphics/trig.sty
Package: trig 2016/01/03 v1.10 sin cos tan (DPC)
)
(/Users/katherinegoode/Library/TinyTeX/texmf-dist/tex/latex/graphics-cfg/graphi
cs.cfg
File: graphics.cfg 2016/06/04 v1.11 sample graphics configuration
)
Package graphics Info: Driver file: pdftex.def on input line 107.

(/Users/katherinegoode/Library/TinyTeX/texmf-dist/tex/latex/graphics-def/pdftex
.def
File: pdftex.def 2020/10/05 v1.2a Graphics/color driver for pdftex
))
\Gin@req@height=\dimen149
\Gin@req@width=\dimen150
) (./isutraditional.sty)
(/Users/katherinegoode/Library/TinyTeX/texmf-dist/tex/latex/graphics/rotating.s
ty
Package: rotating 2016/08/11 v2.16d rotated objects in LaTeX
(/Users/katherinegoode/Library/TinyTeX/texmf-dist/tex/latex/base/ifthen.sty
Package: ifthen 2020/11/24 v1.1c Standard LaTeX ifthen package (DPC)
)
\c@r@tfl@t=\count266
\rotFPtop=\skip49
\rotFPbot=\skip50
\rot@float@box=\box50
\rot@mess@toks=\toks18
) (/Users/katherinegoode/Library/TinyTeX/texmf-dist/tex/latex/natbib/natbib.sty
Package: natbib 2010/09/13 8.31b (PWD, AO)
\bibhang=\skip51
\bibsep=\skip52
LaTeX Info: Redefining \cite on input line 694.
\c@NAT@ctr=\count267
)
(/Users/katherinegoode/Library/TinyTeX/texmf-dist/tex/latex/cite/chapterbib.sty
\c@inputfile=\count268
Package: chapterbib 2010/09/18  v 1.17
)
(/Users/katherinegoode/Library/TinyTeX/texmf-dist/tex/latex/hyperref/hyperref.s
ty
Package: hyperref 2021-06-07 v7.00m Hypertext links for LaTeX

(/Users/katherinegoode/Library/TinyTeX/texmf-dist/tex/generic/ltxcmds/ltxcmds.s
ty
Package: ltxcmds 2020-05-10 v1.25 LaTeX kernel commands for general use (HO)
)
(/Users/katherinegoode/Library/TinyTeX/texmf-dist/tex/generic/pdftexcmds/pdftex
cmds.sty
Package: pdftexcmds 2020-06-27 v0.33 Utility functions of pdfTeX for LuaTeX (HO
)

(/Users/katherinegoode/Library/TinyTeX/texmf-dist/tex/generic/infwarerr/infware
rr.sty
Package: infwarerr 2019/12/03 v1.5 Providing info/warning/error messages (HO)
)
Package pdftexcmds Info: \pdf@primitive is available.
Package pdftexcmds Info: \pdf@ifprimitive is available.
Package pdftexcmds Info: \pdfdraftmode found.
)
(/Users/katherinegoode/Library/TinyTeX/texmf-dist/tex/generic/kvsetkeys/kvsetke
ys.sty
Package: kvsetkeys 2019/12/15 v1.18 Key value parser (HO)
)
(/Users/katherinegoode/Library/TinyTeX/texmf-dist/tex/generic/kvdefinekeys/kvde
finekeys.sty
Package: kvdefinekeys 2019-12-19 v1.6 Define keys (HO)
)
(/Users/katherinegoode/Library/TinyTeX/texmf-dist/tex/generic/pdfescape/pdfesca
pe.sty
Package: pdfescape 2019/12/09 v1.15 Implements pdfTeX's escape features (HO)
)
(/Users/katherinegoode/Library/TinyTeX/texmf-dist/tex/latex/hycolor/hycolor.sty
Package: hycolor 2020-01-27 v1.10 Color options for hyperref/bookmark (HO)
)
(/Users/katherinegoode/Library/TinyTeX/texmf-dist/tex/latex/letltxmacro/letltxm
acro.sty
Package: letltxmacro 2019/12/03 v1.6 Let assignment for LaTeX macros (HO)
)
(/Users/katherinegoode/Library/TinyTeX/texmf-dist/tex/latex/auxhook/auxhook.sty
Package: auxhook 2019-12-17 v1.6 Hooks for auxiliary files (HO)
)
(/Users/katherinegoode/Library/TinyTeX/texmf-dist/tex/latex/kvoptions/kvoptions
.sty
Package: kvoptions 2020-10-07 v3.14 Key value format for package options (HO)
)
\@linkdim=\dimen151
\Hy@linkcounter=\count269
\Hy@pagecounter=\count270

(/Users/katherinegoode/Library/TinyTeX/texmf-dist/tex/latex/hyperref/pd1enc.def
File: pd1enc.def 2021-06-07 v7.00m Hyperref: PDFDocEncoding definition (HO)
Now handling font encoding PD1 ...
... no UTF-8 mapping file for font encoding PD1
)
(/Users/katherinegoode/Library/TinyTeX/texmf-dist/tex/latex/hyperref/hyperref-l
angpatches.def
File: hyperref-langpatches.def 2021-06-07 v7.00m Hyperref: patches for babel la
nguages
)
(/Users/katherinegoode/Library/TinyTeX/texmf-dist/tex/generic/intcalc/intcalc.s
ty
Package: intcalc 2019/12/15 v1.3 Expandable calculations with integers (HO)
)
(/Users/katherinegoode/Library/TinyTeX/texmf-dist/tex/generic/etexcmds/etexcmds
.sty
Package: etexcmds 2019/12/15 v1.7 Avoid name clashes with e-TeX commands (HO)
)
\Hy@SavedSpaceFactor=\count271
(/Users/katherinegoode/Library/TinyTeX/texmf-dist/tex/latex/hyperref/puenc.def
File: puenc.def 2021-06-07 v7.00m Hyperref: PDF Unicode definition (HO)
Now handling font encoding PU ...
... no UTF-8 mapping file for font encoding PU
)
Package hyperref Info: Option `hypertexnames' set `false' on input line 4073.
Package hyperref Info: Option `linktocpage' set `true' on input line 4073.
Package hyperref Info: Hyper figures OFF on input line 4192.
Package hyperref Info: Link nesting OFF on input line 4197.
Package hyperref Info: Hyper index ON on input line 4200.
Package hyperref Info: Plain pages OFF on input line 4207.
Package hyperref Info: Backreferencing OFF on input line 4212.
Package hyperref Info: Implicit mode ON; LaTeX internals redefined.
Package hyperref Info: Bookmarks ON on input line 4445.
\c@Hy@tempcnt=\count272
(/Users/katherinegoode/Library/TinyTeX/texmf-dist/tex/latex/url/url.sty
\Urlmuskip=\muskip16
Package: url 2013/09/16  ver 3.4  Verb mode for urls, etc.
)
LaTeX Info: Redefining \url on input line 4804.
\XeTeXLinkMargin=\dimen152

(/Users/katherinegoode/Library/TinyTeX/texmf-dist/tex/generic/bitset/bitset.sty
Package: bitset 2019/12/09 v1.3 Handle bit-vector datatype (HO)

(/Users/katherinegoode/Library/TinyTeX/texmf-dist/tex/generic/bigintcalc/bigint
calc.sty
Package: bigintcalc 2019/12/15 v1.5 Expandable calculations on big integers (HO
)
))
\Fld@menulength=\count273
\Field@Width=\dimen153
\Fld@charsize=\dimen154
Package hyperref Info: Hyper figures OFF on input line 6076.
Package hyperref Info: Link nesting OFF on input line 6081.
Package hyperref Info: Hyper index ON on input line 6084.
Package hyperref Info: backreferencing OFF on input line 6091.
Package hyperref Info: Link coloring OFF on input line 6096.
Package hyperref Info: Link coloring with OCG OFF on input line 6101.
Package hyperref Info: PDF/A mode OFF on input line 6106.
LaTeX Info: Redefining \ref on input line 6146.
LaTeX Info: Redefining \pageref on input line 6150.

(/Users/katherinegoode/Library/TinyTeX/texmf-dist/tex/latex/base/atbegshi-ltx.s
ty
Package: atbegshi-ltx 2021/01/10 v1.0c Emulation of the original atbegshi
package with kernel methods
)
\Hy@abspage=\count274
\c@Item=\count275
\c@Hfootnote=\count276
)
Package hyperref Info: Driver: hpdftex.

(/Users/katherinegoode/Library/TinyTeX/texmf-dist/tex/latex/hyperref/hpdftex.de
f
File: hpdftex.def 2021-06-07 v7.00m Hyperref driver for pdfTeX

(/Users/katherinegoode/Library/TinyTeX/texmf-dist/tex/latex/base/atveryend-ltx.
sty
Package: atveryend-ltx 2020/08/19 v1.0a Emulation of the original atvery packag
e
with kernel methods
)
\Fld@listcount=\count277
\c@bookmark@seq@number=\count278

(/Users/katherinegoode/Library/TinyTeX/texmf-dist/tex/latex/rerunfilecheck/reru
nfilecheck.sty
Package: rerunfilecheck 2019/12/05 v1.9 Rerun checks for auxiliary files (HO)

(/Users/katherinegoode/Library/TinyTeX/texmf-dist/tex/generic/uniquecounter/uni
quecounter.sty
Package: uniquecounter 2019/12/15 v1.4 Provide unlimited unique counter (HO)
)
Package uniquecounter Info: New unique counter `rerunfilecheck' on input line 2
86.
)
\Hy@SectionHShift=\skip53
)
Package hyperref Info: Option `colorlinks' set `true' on input line 33.
Package hyperref Info: Option `bookmarksnumbered' set `true' on input line 33.

(/Users/katherinegoode/Library/TinyTeX/texmf-dist/tex/latex/etoolbox/etoolbox.s
ty
Package: etoolbox 2020/10/05 v2.5k e-TeX tools for LaTeX (JAW)
\etb@tempcnta=\count279
)
(/Users/katherinegoode/Library/TinyTeX/texmf-dist/tex/latex/nowidow/nowidow.sty
Package: nowidow 2011/09/20 1.0 Easily prevent widows and orphans
Package: nowidow 
)
(/Users/katherinegoode/Library/TinyTeX/texmf-dist/tex/latex/amsfonts/amssymb.st
y
Package: amssymb 2013/01/14 v3.01 AMS font symbols

(/Users/katherinegoode/Library/TinyTeX/texmf-dist/tex/latex/amsfonts/amsfonts.s
ty
Package: amsfonts 2013/01/14 v3.01 Basic AMSFonts support
\@emptytoks=\toks19
\symAMSa=\mathgroup4
\symAMSb=\mathgroup5
LaTeX Font Info:    Redeclaring math symbol \hbar on input line 98.
LaTeX Font Info:    Overwriting math alphabet `\mathfrak' in version `bold'
(Font)                  U/euf/m/n --> U/euf/b/n on input line 106.
))
(/Users/katherinegoode/Library/TinyTeX/texmf-dist/tex/latex/nomencl/nomencl.sty
Package: nomencl 2020/12/29 v5.5 Nomenclature package

(/Users/katherinegoode/Library/TinyTeX/texmf-dist/tex/latex/xkeyval/xkeyval.sty
Package: xkeyval 2020/11/20 v2.8 package option processing (HA)

(/Users/katherinegoode/Library/TinyTeX/texmf-dist/tex/generic/xkeyval/xkeyval.t
ex
(/Users/katherinegoode/Library/TinyTeX/texmf-dist/tex/generic/xkeyval/xkvutils.
tex
\XKV@toks=\toks20
\XKV@tempa@toks=\toks21
)
\XKV@depth=\count280
File: xkeyval.tex 2014/12/03 v2.7a key=value parser (HA)
))
(/Users/katherinegoode/Library/TinyTeX/texmf-dist/tex/latex/koma-script/tocbasi
c.sty
Package: tocbasic 2021/03/17 v3.33 KOMA-Script package (handling toc-files)

(/Users/katherinegoode/Library/TinyTeX/texmf-dist/tex/latex/koma-script/scrbase
.sty
Package: scrbase 2021/03/17 v3.33 KOMA-Script package (KOMA-Script-independent 
basics and keyval usage)

(/Users/katherinegoode/Library/TinyTeX/texmf-dist/tex/latex/koma-script/scrlfil
e.sty
Package: scrlfile 2021/03/17 v3.33 KOMA-Script package (file load hooks)

(/Users/katherinegoode/Library/TinyTeX/texmf-dist/tex/latex/koma-script/scrlfil
e-hook.sty
Package: scrlfile-hook 2021/03/17 v3.33 KOMA-Script package (using LaTeX hooks)


(/Users/katherinegoode/Library/TinyTeX/texmf-dist/tex/latex/koma-script/scrlogo
.sty
Package: scrlogo 2021/03/17 v3.33 KOMA-Script package (logo)
)))
Applying: [2021/05/01] Usage of raw option list on input line 252.
Already applied: [0000/00/00] compatibility for LaTeX before 2021/05/01 on inpu
t line 337.
)
\scr@dte@tocline@numberwidth=\skip54
\scr@dte@tocline@numbox=\box51
)
Package tocbasic Info: babel extension for `nlo' omitted
(tocbasic)             because of missing \bbl@set@language on input line 187.
Package tocbasic Info: babel extension for `nls' omitted
(tocbasic)             because of missing \bbl@set@language on input line 188.
\nomlabelwidth=\dimen155
\nom@tempdim=\dimen156
\nomitemsep=\skip55
)
(/Users/katherinegoode/Library/TinyTeX/texmf-dist/tex/latex/l3backend/l3backend
-pdftex.def
File: l3backend-pdftex.def 2021-05-07 L3 backend support: PDF output (pdfTeX)
\l__color_backend_stack_int=\count281
\l__pdf_internal_box=\box52
) (./isu-template.aux (./Preface/titlepage.aux) (./Preface/dedication.aux) (./P
reface/nomenclature.aux) (./Preface/acknowl.aux) (./Preface/abstract.aux) (./Bo
dy/ch1/ch1_main.aux) (./Body/ch2/ch2_main.aux) (./Body/ch3/ch3_main.aux) (./Bod
y/ch4/ch4_main.aux) (./Body/ch5/ch5_main.aux) (./Body/ch6/ch6_future_and_conclu
sions.aux))
\openout1 = `isu-template.aux'.

LaTeX Font Info:    Checking defaults for OML/cmm/m/it on input line 109.
LaTeX Font Info:    ... okay on input line 109.
LaTeX Font Info:    Checking defaults for OMS/cmsy/m/n on input line 109.
LaTeX Font Info:    ... okay on input line 109.
LaTeX Font Info:    Checking defaults for OT1/cmr/m/n on input line 109.
LaTeX Font Info:    ... okay on input line 109.
LaTeX Font Info:    Checking defaults for T1/cmr/m/n on input line 109.
LaTeX Font Info:    ... okay on input line 109.
LaTeX Font Info:    Checking defaults for TS1/cmr/m/n on input line 109.
LaTeX Font Info:    ... okay on input line 109.
LaTeX Font Info:    Checking defaults for OMX/cmex/m/n on input line 109.
LaTeX Font Info:    ... okay on input line 109.
LaTeX Font Info:    Checking defaults for U/cmr/m/n on input line 109.
LaTeX Font Info:    ... okay on input line 109.
LaTeX Font Info:    Checking defaults for PD1/pdf/m/n on input line 109.
LaTeX Font Info:    ... okay on input line 109.
LaTeX Font Info:    Checking defaults for PU/pdf/m/n on input line 109.
LaTeX Font Info:    ... okay on input line 109.
*geometry* driver: auto-detecting
*geometry* detected driver: pdftex
*geometry* verbose mode - [ preamble ] result:
* driver: pdftex
* paper: letterpaper
* layout: <same size as paper>
* layoutoffset:(h,v)=(0.0pt,0.0pt)
* modes: includehead 
* h-part:(L,W,R)=(72.26999pt, 469.75502pt, 72.26999pt)
* v-part:(T,H,B)=(72.26999pt, 650.43001pt, 72.26999pt)
* \paperwidth=614.295pt
* \paperheight=794.96999pt
* \textwidth=469.75502pt
* \textheight=613.43001pt
* \oddsidemargin=0.0pt
* \evensidemargin=0.0pt
* \topmargin=0.0pt
* \headheight=12.0pt
* \headsep=25.0pt
* \topskip=11.0pt
* \footskip=30.0pt
* \marginparwidth=59.0pt
* \marginparsep=10.0pt
* \columnsep=10.0pt
* \skip\footins=10.0pt plus 4.0pt minus 2.0pt
* \hoffset=0.0pt
* \voffset=0.0pt
* \mag=1000
* \@twocolumnfalse
* \@twosidefalse
* \@mparswitchfalse
* \@reversemarginfalse
* (1in=72.27pt=25.4mm, 1cm=28.453pt)


(/Users/katherinegoode/Library/TinyTeX/texmf-dist/tex/latex/epstopdf-pkg/epstop
df-base.sty
Package: epstopdf-base 2020-01-24 v2.11 Base part for package epstopdf
Package epstopdf-base Info: Redefining graphics rule for `.eps' on input line 4
85.

(/Users/katherinegoode/Library/TinyTeX/texmf-dist/tex/latex/latexconfig/epstopd
f-sys.cfg
File: epstopdf-sys.cfg 2010/07/13 v1.3 Configuration of (r)epstopdf for TeX Liv
e
)) (/Users/katherinegoode/Library/TinyTeX/texmf-dist/tex/latex/graphics/color.s
ty
Package: color 2020/02/24 v1.2b Standard LaTeX Color (DPC)

(/Users/katherinegoode/Library/TinyTeX/texmf-dist/tex/latex/graphics-cfg/color.
cfg
File: color.cfg 2016/01/02 v1.6 sample color configuration
)
Package color Info: Driver file: pdftex.def on input line 149.
)
Package hyperref Info: Link coloring ON on input line 109.

(/Users/katherinegoode/Library/TinyTeX/texmf-dist/tex/latex/hyperref/nameref.st
y
Package: nameref 2021-04-02 v2.47 Cross-referencing by name of section

(/Users/katherinegoode/Library/TinyTeX/texmf-dist/tex/latex/refcount/refcount.s
ty
Package: refcount 2019/12/15 v3.6 Data extraction from label references (HO)
)
(/Users/katherinegoode/Library/TinyTeX/texmf-dist/tex/generic/gettitlestring/ge
ttitlestring.sty
Package: gettitlestring 2019/12/15 v1.6 Cleanup title references (HO)
)
\c@section@level=\count282
)
LaTeX Info: Redefining \ref on input line 109.
LaTeX Info: Redefining \pageref on input line 109.
LaTeX Info: Redefining \nameref on input line 109.
(./isu-template.out) (./isu-template.out)
\@outlinefile=\write3
\openout3 = `isu-template.out'.

\openout2 = `Preface/titlepage.aux'.

(./Preface/titlepage.tex)
Overfull \vbox (7.70685pt too high) detected at line 113
 []

[1




{/Users/katherinegoode/Library/TinyTeX/texmf-var/fonts/map/pdftex/updmap/pdftex
.map}]
\openout2 = `Preface/dedication.aux'.

(./Preface/dedication.tex) [2





] (./isu-template.toc
LaTeX Font Info:    Trying to load font information for U+msa on input line 7.
(/Users/katherinegoode/Library/TinyTeX/texmf-dist/tex/latex/amsfonts/umsa.fd
File: umsa.fd 2013/01/14 v3.01 AMS symbols A
)
LaTeX Font Info:    Trying to load font information for U+msb on input line 7.
(/Users/katherinegoode/Library/TinyTeX/texmf-dist/tex/latex/amsfonts/umsb.fd
File: umsb.fd 2013/01/14 v3.01 AMS symbols B
) [3



])
\tf@toc=\write4
\openout4 = `isu-template.toc'.

[4] (./isu-template.lot)
\tf@lot=\write5
\openout5 = `isu-template.lot'.

[5


] (./isu-template.lof)
\tf@lof=\write6
\openout6 = `isu-template.lof'.

[6


]
\openout2 = `Preface/nomenclature.aux'.

(./Preface/nomenclature.tex
\@nomenclaturefile=\write7
\openout7 = `isu-template.nlo'.

Package nomencl Info: Writing nomenclature file isu-template.nlo on input line 
1.
No file isu-template.nls.
)
\openout2 = `Preface/acknowl.aux'.

(./Preface/acknowl.tex
ACKNOWLEDGMENTS
) [7









]
\openout2 = `Preface/abstract.aux'.

(./Preface/abstract.tex
ABSTRACT
) [8






]
\openout2 = `Body/ch1/ch1_main.aux'.

(./Body/ch1/ch1_main.tex
CHAPTER\  1.

Package natbib Warning: Citation `allen' on page 1 undefined on input line 41.


Package natbib Warning: Citation `bruner' on page 1 undefined on input line 41.



Package natbib Warning: Citation `prime-number-theorem' on page 1 undefined on 
input line 41.

[1





]
No file Body/ch1/ch1_main.bbl.
) [2]
\openout2 = `Body/ch2/ch2_main.aux'.

(./Body/ch2/ch2_main.tex
CHAPTER\  2.

Package natbib Warning: Citation `allen' on page 3 undefined on input line 32.


Package natbib Warning: Citation `bruner' on page 3 undefined on input line 32.



Package natbib Warning: Citation `cox' on page 3 undefined on input line 32.


Package natbib Warning: Citation `struss' on page 3 undefined on input line 33.


[3





]

Package natbib Warning: Citation `cox' on page 4 undefined on input line 70.


Package natbib Warning: Citation `Ancey1996' on page 4 undefined on input line 
72.


Package natbib Warning: Citation `RR73' on page 4 undefined on input line 72.


Package natbib Warning: Citation `Aup91' on page 4 undefined on input line 73.


Package natbib Warning: Citation `Dou72' on page 4 undefined on input line 73.

No file Body/ch2/ch2_main.bbl.

Package natbib Warning: Citation `Aup91' on page 4 undefined on input line 100.



Package natbib Warning: Citation `Aup91' on page 4 undefined on input line 108.


) [4] [5]
\openout2 = `Body/ch3/ch3_main.aux'.

(./Body/ch3/ch3_main.tex
CHAPTER\  3.

Package natbib Warning: Citation `allen' on page 6 undefined on input line 32.


Package natbib Warning: Citation `bruner' on page 6 undefined on input line 32.



Package natbib Warning: Citation `cox' on page 6 undefined on input line 32.


Package natbib Warning: Citation `struss' on page 6 undefined on input line 33.


[6





]

Package natbib Warning: Citation `allen' on page 7 undefined on input line 72.


Package natbib Warning: Citation `bruner' on page 7 undefined on input line 72.



Package natbib Warning: Citation `Hal82' on page 7 undefined on input line 73.


Package natbib Warning: Citation `Rud73' on page 7 undefined on input line 74.


Package natbib Warning: Citation `Con90' on page 7 undefined on input line 74.


Package natbib Warning: Citation `Con78' on page 7 undefined on input line 75.


Package natbib Warning: Citation `KR83' on page 7 undefined on input line 75.


Package natbib Warning: Citation `KR86' on page 7 undefined on input line 76.

No file Body/ch3/ch3_main.bbl.

Package natbib Warning: Citation `Aup91' on page 7 undefined on input line 102.


) [7]
\openout2 = `Body/ch4/ch4_main.aux'.

(./Body/ch4/ch4_main.tex
CHAPTER\  4.
\@tempboxb=\box53

Package natbib Warning: Citation `Enf87' on page 8 undefined on input line 35.

\@tempboxb=\box54
[8





] [9]
\@tempboxb=\box55

Package natbib Warning: Citation `Rea85' on page 10 undefined on input line 99.



Package natbib Warning: Citation `Enf87' on page 10 undefined on input line 100
.


Package natbib Warning: Citation `Dau75' on page 10 undefined on input line 100
.


Package natbib Warning: Citation `KPS75' on page 10 undefined on input line 101
.

No file Body/ch4/ch4_main.bbl.

Package natbib Warning: Citation `Aup91' on page 10 undefined on input line 127
.

) [10] [11]
\openout2 = `Body/ch5/ch5_main.aux'.

(./Body/ch5/ch5_main.tex
CHAPTER\  5.
\@tempboxb=\box56
<Images/dc5.jpg, id=400, 278.03876pt x 239.89626pt>
File: Images/dc5.jpg Graphic file (type jpg)
<use Images/dc5.jpg>
Package pdftex.def Info: Images/dc5.jpg  used on input line 56.
(pdftex.def)             Requested size: 278.03807pt x 239.89566pt.
\@tempboxb=\box57
[12





] [13 <./Images/dc5.jpg>]
No file Body/ch5/ch5_main.bbl.

Package natbib Warning: Citation `Aup91' on page 14 undefined on input line 117
.


Package natbib Warning: Citation `Rad87' on page 14 undefined on input line 123
.


Package natbib Warning: Citation `MOR91' on page 14 undefined on input line 124
.


Package natbib Warning: Citation `Lom73' on page 14 undefined on input line 124
.


Package natbib Warning: Citation `Lom91' on page 14 undefined on input line 125
.


Package natbib Warning: Citation `Lom92' on page 14 undefined on input line 125
.


Package natbib Warning: Citation `dB59' on page 14 undefined on input line 126.


) [14]
\openout2 = `Body/ch6/ch6_future_and_conclusions.aux'.

(./Body/ch6/ch6_future_and_conclusions.tex
CHAPTER\  6.
\@tempboxb=\box58

Package natbib Warning: Citation `allen' on page 15 undefined on input line 43.



Package natbib Warning: Citation `bruner' on page 15 undefined on input line 43
.


Package natbib Warning: Citation `struss' on page 15 undefined on input line 43
.

No file Body/ch6/ch6_future_and_conclusions.bbl.
) [15





] [16]

Package natbib Warning: There were undefined citations.

(./isu-template.aux (./Preface/titlepage.aux) (./Preface/dedication.aux) (./Pre
face/nomenclature.aux) (./Preface/acknowl.aux) (./Preface/abstract.aux) (./Body
/ch1/ch1_main.aux) (./Body/ch2/ch2_main.aux) (./Body/ch3/ch3_main.aux) (./Body/
ch4/ch4_main.aux) (./Body/ch5/ch5_main.aux) (./Body/ch6/ch6_future_and_conclusi
ons.aux))
Package rerunfilecheck Info: File `isu-template.out' has not changed.
(rerunfilecheck)             Checksum: 687F50B2E36208C014C191C6FF94D4B2;9108.
 ) 
Here is how much of TeX's memory you used:
 11036 strings out of 480470
 168038 string characters out of 5897356
 523118 words of memory out of 5000000
 28401 multiletter control sequences out of 15000+600000
 409678 words of font info for 50 fonts, out of 8000000 for 9000
 14 hyphenation exceptions out of 8191
 110i,11n,108p,590b,380s stack positions out of 5000i,500n,10000p,200000b,80000s
 </Users/katherinegoode/Library/TinyTeX/texmf-var/fonts/pk/ljfour/jknappen/ec
/tcrm1095.600pk></Users/katherinegoode/Library/TinyTeX/texmf-dist/fonts/type1/p
ublic/amsfonts/cm/cmbx10.pfb></Users/katherinegoode/Library/TinyTeX/texmf-dist/
fonts/type1/public/amsfonts/cm/cmbx12.pfb></Users/katherinegoode/Library/TinyTe
X/texmf-dist/fonts/type1/public/amsfonts/cm/cmr10.pfb></Users/katherinegoode/Li
brary/TinyTeX/texmf-dist/fonts/type1/public/amsfonts/cm/cmti10.pfb>
Output written on isu-template.pdf (24 pages, 785484 bytes).
PDF statistics:
 474 PDF objects out of 1000 (max. 8388607)
 433 compressed objects within 5 object streams
 103 named destinations out of 1000 (max. 500000)
 454 words of extra memory for PDF output out of 10000 (max. 10000000)

